<?xml version="1.0" encoding="UTF-8"?>
<!-- Generated by org.testng.reporters.JUnitReportReporter -->
<testsuite hostname="AR3322605W1" failures="0" tests="1" name="Tests.Prueba" time="18.477" errors="0" timestamp="2022-08-23T16:38:22 ART" skipped="0">
  <testcase classname="Tests.Prueba" name="C01_Google" time="18.477"/>
  <system-out/>
</testsuite> <!-- Tests.Prueba -->
